# JRE version: OpenJDK Runtime Environment Corretto-21.0.10.7.1 (21.0.10+7) (build 21.0.10+7-LTS)
# Java VM: OpenJDK 64-Bit Server VM Corretto-21.0.10.7.1 (21.0.10+7-LTS, mixed mode, emulated-client, sharing, tiered, compressed oops, compressed class ptrs, g1 gc, windows-amd64)
GC Precious Log:
 CardTable entry size: 512
 Card Set container configuration: InlinePtr #cards 5 size 8 Array Of Cards #cards 12 size 40 Howl #buckets 4 coarsen threshold 1843 Howl Bitmap #cards 512 size 80 coarsen threshold 460 Card regions per heap region 1 cards per card region 2048
 CPUs: 12 total, 12 available
 Memory: 7860M
 Large Page Support: Disabled
 NUMA Support: Disabled
 Compressed Oops: Enabled (32-bit)
 Heap Region Size: 1M
 Heap Min Capacity: 8M
 Heap Initial Capacity: 124M
 Heap Max Capacity: 1966M
 Pre-touch: Disabled
 Parallel Workers: 10
 Concurrent Workers: 3
 Concurrent Refinement Workers: 10
 Periodic GC: Disabled
Heap:
 garbage-first heap   total 124928K, used 66134K [0x0000000085200000, 0x0000000100000000)
  region size 1024K, 7 young (7168K), 7 survivors (7168K)
 Metaspace       used 90627K, committed 91648K, reserved 1179648K
  class space    used 13353K, committed 13824K, reserved 1048576K
GC Heap History (20 events):
Event: 5.887 GC heap after
{Heap after GC invocations=19 (full 0):
 garbage-first heap   total 79872K, used 36425K [0x0000000085200000, 0x0000000100000000)
  region size 1024K, 3 young (3072K), 3 survivors (3072K)
 Metaspace       used 67058K, committed 67776K, reserved 1114112K
  class space    used 9663K, committed 9984K, reserved 1048576K
}
Event: 6.294 GC heap before
{Heap before GC invocations=19 (full 0):
 garbage-first heap   total 79872K, used 72265K [0x0000000085200000, 0x0000000100000000)
  region size 1024K, 39 young (39936K), 3 survivors (3072K)
 Metaspace       used 72207K, committed 72960K, reserved 1114112K
  class space    used 10412K, committed 10752K, reserved 1048576K
}
Event: 6.301 GC heap after
{Heap after GC invocations=20 (full 0):
 garbage-first heap   total 96256K, used 39312K [0x0000000085200000, 0x0000000100000000)
  region size 1024K, 5 young (5120K), 5 survivors (5120K)
 Metaspace       used 72207K, committed 72960K, reserved 1114112K
  class space    used 10412K, committed 10752K, reserved 1048576K
}
Event: 6.726 GC heap before
{Heap before GC invocations=20 (full 0):
 garbage-first heap   total 96256K, used 86416K [0x0000000085200000, 0x0000000100000000)
  region size 1024K, 52 young (53248K), 5 survivors (5120K)
 Metaspace       used 77673K, committed 78528K, reserved 1179648K
  class space    used 11328K, committed 11712K, reserved 1048576K
}
Event: 6.738 GC heap after
{Heap after GC invocations=21 (full 0):
 garbage-first heap   total 102400K, used 48366K [0x0000000085200000, 0x0000000100000000)
  region size 1024K, 7 young (7168K), 7 survivors (7168K)
 Metaspace       used 77673K, committed 78528K, reserved 1179648K
  class space    used 11328K, committed 11712K, reserved 1048576K
}
Event: 6.841 GC heap before
{Heap before GC invocations=21 (full 0):
 garbage-first heap   total 102400K, used 88302K [0x0000000085200000, 0x0000000100000000)
  region size 1024K, 46 young (47104K), 7 survivors (7168K)
 Metaspace       used 78514K, committed 79296K, reserved 1179648K
  class space    used 11435K, committed 11776K, reserved 1048576K
}
Event: 6.846 GC heap after
{Heap after GC invocations=22 (full 0):
 garbage-first heap   total 102400K, used 51007K [0x0000000085200000, 0x0000000100000000)
  region size 1024K, 2 young (2048K), 2 survivors (2048K)
 Metaspace       used 78514K, committed 79296K, reserved 1179648K
  class space    used 11435K, committed 11776K, reserved 1048576K
}
Event: 7.062 GC heap before
{Heap before GC invocations=23 (full 0):
 garbage-first heap   total 102400K, used 90943K [0x0000000085200000, 0x0000000100000000)
  region size 1024K, 41 young (41984K), 2 survivors (2048K)
 Metaspace       used 81773K, committed 82560K, reserved 1179648K
  class space    used 12144K, committed 12480K, reserved 1048576K
}
Event: 7.065 GC heap after
{Heap after GC invocations=24 (full 0):
 garbage-first heap   total 102400K, used 51826K [0x0000000085200000, 0x0000000100000000)
  region size 1024K, 3 young (3072K), 3 survivors (3072K)
 Metaspace       used 81773K, committed 82560K, reserved 1179648K
  class space    used 12144K, committed 12480K, reserved 1048576K
}
Event: 7.293 GC heap before
{Heap before GC invocations=24 (full 0):
 garbage-first heap   total 102400K, used 91762K [0x0000000085200000, 0x0000000100000000)
  region size 1024K, 42 young (43008K), 3 survivors (3072K)
 Metaspace       used 83369K, committed 84224K, reserved 1179648K
  class space    used 12364K, committed 12736K, reserved 1048576K
}
Event: 7.298 GC heap after
{Heap after GC invocations=25 (full 0):
 garbage-first heap   total 122880K, used 54257K [0x0000000085200000, 0x0000000100000000)
  region size 1024K, 6 young (6144K), 6 survivors (6144K)
 Metaspace       used 83369K, committed 84224K, reserved 1179648K
  class space    used 12364K, committed 12736K, reserved 1048576K
}
Event: 7.419 GC heap before
{Heap before GC invocations=25 (full 0):
 garbage-first heap   total 122880K, used 110577K [0x0000000085200000, 0x0000000100000000)
  region size 1024K, 61 young (62464K), 6 survivors (6144K)
 Metaspace       used 83636K, committed 84480K, reserved 1179648K
  class space    used 12399K, committed 12800K, reserved 1048576K
}
Event: 7.427 GC heap after
{Heap after GC invocations=26 (full 0):
 garbage-first heap   total 123904K, used 61297K [0x0000000085200000, 0x0000000100000000)
  region size 1024K, 8 young (8192K), 8 survivors (8192K)
 Metaspace       used 83636K, committed 84480K, reserved 1179648K
  class space    used 12399K, committed 12800K, reserved 1048576K
}
Event: 7.496 GC heap before
{Heap before GC invocations=26 (full 0):
 garbage-first heap   total 123904K, used 109425K [0x0000000085200000, 0x0000000100000000)
  region size 1024K, 55 young (56320K), 8 survivors (8192K)
 Metaspace       used 83674K, committed 84544K, reserved 1179648K
  class space    used 12407K, committed 12800K, reserved 1048576K
}
Event: 7.503 GC heap after
{Heap after GC invocations=27 (full 0):
 garbage-first heap   total 124928K, used 67357K [0x0000000085200000, 0x0000000100000000)
  region size 1024K, 6 young (6144K), 6 survivors (6144K)
 Metaspace       used 83674K, committed 84544K, reserved 1179648K
  class space    used 12407K, committed 12800K, reserved 1048576K
}
Event: 7.655 GC heap before
{Heap before GC invocations=27 (full 0):
 garbage-first heap   total 124928K, used 110365K [0x0000000085200000, 0x0000000100000000)
  region size 1024K, 48 young (49152K), 6 survivors (6144K)
 Metaspace       used 84711K, committed 85568K, reserved 1179648K
  class space    used 12538K, committed 12928K, reserved 1048576K
}
Event: 7.659 GC heap after
{Heap after GC invocations=28 (full 0):
 garbage-first heap   total 124928K, used 67010K [0x0000000085200000, 0x0000000100000000)
  region size 1024K, 3 young (3072K), 3 survivors (3072K)
 Metaspace       used 84711K, committed 85568K, reserved 1179648K
  class space    used 12538K, committed 12928K, reserved 1048576K
}
Event: 8.035 GC heap before
{Heap before GC invocations=29 (full 0):
 garbage-first heap   total 124928K, used 106946K [0x0000000085200000, 0x0000000100000000)
  region size 1024K, 47 young (48128K), 3 survivors (3072K)
 Metaspace       used 87497K, committed 88384K, reserved 1179648K
  class space    used 12885K, committed 13312K, reserved 1048576K
}
Event: 8.039 GC heap after
{Heap after GC invocations=30 (full 0):
 garbage-first heap   total 124928K, used 65153K [0x0000000085200000, 0x0000000100000000)
  region size 1024K, 6 young (6144K), 6 survivors (6144K)
 Metaspace       used 87497K, committed 88384K, reserved 1179648K
  class space    used 12885K, committed 13312K, reserved 1048576K
}
Event: 8.506 GC heap before
{Heap before GC invocations=30 (full 0):
 garbage-first heap   total 124928K, used 112257K [0x0000000085200000, 0x0000000100000000)
  region size 1024K, 52 young (53248K), 6 survivors (6144K)
 Metaspace       used 90627K, committed 91648K, reserved 1179648K
  class space    used 13353K, committed 13824K, reserved 1048576K
}

