# JRE version: OpenJDK Runtime Environment Corretto-21.0.10.7.1 (21.0.10+7) (build 21.0.10+7-LTS)
# Java VM: OpenJDK 64-Bit Server VM Corretto-21.0.10.7.1 (21.0.10+7-LTS, mixed mode, emulated-client, sharing, tiered, compressed oops, compressed class ptrs, g1 gc, windows-amd64)
GC Precious Log:
 CardTable entry size: 512
 Card Set container configuration: InlinePtr #cards 5 size 8 Array Of Cards #cards 12 size 40 Howl #buckets 4 coarsen threshold 1843 Howl Bitmap #cards 512 size 80 coarsen threshold 460 Card regions per heap region 1 cards per card region 2048
 CPUs: 12 total, 12 available
 Memory: 7860M
 Large Page Support: Disabled
 NUMA Support: Disabled
 Compressed Oops: Enabled (32-bit)
 Heap Region Size: 1M
 Heap Min Capacity: 8M
 Heap Initial Capacity: 124M
 Heap Max Capacity: 1966M
 Pre-touch: Disabled
 Parallel Workers: 10
 Concurrent Workers: 3
 Concurrent Refinement Workers: 10
 Periodic GC: Disabled
Heap:
 garbage-first heap   total 82944K, used 44687K [0x0000000085200000, 0x0000000100000000)
  region size 1024K, 3 young (3072K), 3 survivors (3072K)
 Metaspace       used 77685K, committed 78528K, reserved 1179648K
  class space    used 11334K, committed 11712K, reserved 1048576K
GC Heap History (20 events):
Event: 3.702 GC heap after
{Heap after GC invocations=9 (full 0):
 garbage-first heap   total 66560K, used 25659K [0x0000000085200000, 0x0000000100000000)
  region size 1024K, 4 young (4096K), 4 survivors (4096K)
 Metaspace       used 32483K, committed 33088K, reserved 1114112K
  class space    used 4526K, committed 4800K, reserved 1048576K
}
Event: 3.868 GC heap before
{Heap before GC invocations=9 (full 0):
 garbage-first heap   total 66560K, used 39995K [0x0000000085200000, 0x0000000100000000)
  region size 1024K, 19 young (19456K), 4 survivors (4096K)
 Metaspace       used 35404K, committed 35968K, reserved 1114112K
  class space    used 4856K, committed 5120K, reserved 1048576K
}
Event: 3.873 GC heap after
{Heap after GC invocations=10 (full 0):
 garbage-first heap   total 66560K, used 26748K [0x0000000085200000, 0x0000000100000000)
  region size 1024K, 4 young (4096K), 4 survivors (4096K)
 Metaspace       used 35404K, committed 35968K, reserved 1114112K
  class space    used 4856K, committed 5120K, reserved 1048576K
}
Event: 4.868 GC heap before
{Heap before GC invocations=11 (full 0):
 garbage-first heap   total 66560K, used 56444K [0x0000000085200000, 0x0000000100000000)
  region size 1024K, 33 young (33792K), 4 survivors (4096K)
 Metaspace       used 42290K, committed 42944K, reserved 1114112K
  class space    used 5730K, committed 6016K, reserved 1048576K
}
Event: 4.873 GC heap after
{Heap after GC invocations=12 (full 0):
 garbage-first heap   total 79872K, used 27754K [0x0000000085200000, 0x0000000100000000)
  region size 1024K, 3 young (3072K), 3 survivors (3072K)
 Metaspace       used 42290K, committed 42944K, reserved 1114112K
  class space    used 5730K, committed 6016K, reserved 1048576K
}
Event: 5.450 GC heap before
{Heap before GC invocations=12 (full 0):
 garbage-first heap   total 79872K, used 69738K [0x0000000085200000, 0x0000000100000000)
  region size 1024K, 44 young (45056K), 3 survivors (3072K)
 Metaspace       used 49162K, committed 49856K, reserved 1114112K
  class space    used 6893K, committed 7232K, reserved 1048576K
}
Event: 5.455 GC heap after
{Heap after GC invocations=13 (full 0):
 garbage-first heap   total 79872K, used 30144K [0x0000000085200000, 0x0000000100000000)
  region size 1024K, 5 young (5120K), 5 survivors (5120K)
 Metaspace       used 49162K, committed 49856K, reserved 1114112K
  class space    used 6893K, committed 7232K, reserved 1048576K
}
Event: 6.038 GC heap before
{Heap before GC invocations=13 (full 0):
 garbage-first heap   total 79872K, used 70080K [0x0000000085200000, 0x0000000100000000)
  region size 1024K, 44 young (45056K), 5 survivors (5120K)
 Metaspace       used 56486K, committed 57152K, reserved 1114112K
  class space    used 7972K, committed 8256K, reserved 1048576K
}
Event: 6.044 GC heap after
{Heap after GC invocations=14 (full 0):
 garbage-first heap   total 79872K, used 33287K [0x0000000085200000, 0x0000000100000000)
  region size 1024K, 6 young (6144K), 6 survivors (6144K)
 Metaspace       used 56486K, committed 57152K, reserved 1114112K
  class space    used 7972K, committed 8256K, reserved 1048576K
}
Event: 6.281 GC heap before
{Heap before GC invocations=14 (full 0):
 garbage-first heap   total 79872K, used 58887K [0x0000000085200000, 0x0000000100000000)
  region size 1024K, 32 young (32768K), 6 survivors (6144K)
 Metaspace       used 59601K, committed 60288K, reserved 1114112K
  class space    used 8407K, committed 8704K, reserved 1048576K
}
Event: 6.287 GC heap after
{Heap after GC invocations=15 (full 0):
 garbage-first heap   total 79872K, used 34487K [0x0000000085200000, 0x0000000100000000)
  region size 1024K, 5 young (5120K), 5 survivors (5120K)
 Metaspace       used 59601K, committed 60288K, reserved 1114112K
  class space    used 8407K, committed 8704K, reserved 1048576K
}
Event: 6.703 GC heap before
{Heap before GC invocations=16 (full 0):
 garbage-first heap   total 79872K, used 71351K [0x0000000085200000, 0x0000000100000000)
  region size 1024K, 41 young (41984K), 5 survivors (5120K)
 Metaspace       used 65383K, committed 66048K, reserved 1114112K
  class space    used 9429K, committed 9728K, reserved 1048576K
}
Event: 6.707 GC heap after
{Heap after GC invocations=17 (full 0):
 garbage-first heap   total 79872K, used 35544K [0x0000000085200000, 0x0000000100000000)
  region size 1024K, 3 young (3072K), 3 survivors (3072K)
 Metaspace       used 65383K, committed 66048K, reserved 1114112K
  class space    used 9429K, committed 9728K, reserved 1048576K
}
Event: 6.888 GC heap before
{Heap before GC invocations=17 (full 0):
 garbage-first heap   total 79872K, used 72408K [0x0000000085200000, 0x0000000100000000)
  region size 1024K, 39 young (39936K), 3 survivors (3072K)
 Metaspace       used 66827K, committed 67584K, reserved 1114112K
  class space    used 9651K, committed 9984K, reserved 1048576K
}
Event: 6.892 GC heap after
{Heap after GC invocations=18 (full 0):
 garbage-first heap   total 79872K, used 36438K [0x0000000085200000, 0x0000000100000000)
  region size 1024K, 4 young (4096K), 4 survivors (4096K)
 Metaspace       used 66827K, committed 67584K, reserved 1114112K
  class space    used 9651K, committed 9984K, reserved 1048576K
}
Event: 7.376 GC heap before
{Heap before GC invocations=18 (full 0):
 garbage-first heap   total 79872K, used 72278K [0x0000000085200000, 0x0000000100000000)
  region size 1024K, 39 young (39936K), 4 survivors (4096K)
 Metaspace       used 72108K, committed 72832K, reserved 1114112K
  class space    used 10409K, committed 10688K, reserved 1048576K
}
Event: 7.380 GC heap after
{Heap after GC invocations=19 (full 0):
 garbage-first heap   total 79872K, used 39201K [0x0000000085200000, 0x0000000100000000)
  region size 1024K, 5 young (5120K), 5 survivors (5120K)
 Metaspace       used 72108K, committed 72832K, reserved 1114112K
  class space    used 10409K, committed 10688K, reserved 1048576K
}
Event: 7.782 GC heap before
{Heap before GC invocations=19 (full 0):
 garbage-first heap   total 79872K, used 72993K [0x0000000085200000, 0x0000000100000000)
  region size 1024K, 38 young (38912K), 5 survivors (5120K)
 Metaspace       used 77685K, committed 78528K, reserved 1179648K
  class space    used 11334K, committed 11712K, reserved 1048576K
}
Event: 7.787 GC heap after
{Heap after GC invocations=20 (full 0):
 garbage-first heap   total 82944K, used 42383K [0x0000000085200000, 0x0000000100000000)
  region size 1024K, 4 young (4096K), 4 survivors (4096K)
 Metaspace       used 77685K, committed 78528K, reserved 1179648K
  class space    used 11334K, committed 11712K, reserved 1048576K
}
Event: 7.839 GC heap before
{Heap before GC invocations=21 (full 0):
 garbage-first heap   total 82944K, used 74127K [0x0000000085200000, 0x0000000100000000)
  region size 1024K, 35 young (35840K), 4 survivors (4096K)
 Metaspace       used 77685K, committed 78528K, reserved 1179648K
  class space    used 11334K, committed 11712K, reserved 1048576K
}

