# JRE version: OpenJDK Runtime Environment Corretto-21.0.10.7.1 (21.0.10+7) (build 21.0.10+7-LTS)
# Java VM: OpenJDK 64-Bit Server VM Corretto-21.0.10.7.1 (21.0.10+7-LTS, mixed mode, emulated-client, sharing, tiered, compressed oops, compressed class ptrs, g1 gc, windows-amd64)
GC Precious Log:
 CardTable entry size: 512
 Card Set container configuration: InlinePtr #cards 5 size 8 Array Of Cards #cards 12 size 40 Howl #buckets 4 coarsen threshold 1843 Howl Bitmap #cards 512 size 80 coarsen threshold 460 Card regions per heap region 1 cards per card region 2048
 CPUs: 12 total, 12 available
 Memory: 7860M
 Large Page Support: Disabled
 NUMA Support: Disabled
 Compressed Oops: Enabled (32-bit)
 Heap Region Size: 1M
 Heap Min Capacity: 8M
 Heap Initial Capacity: 124M
 Heap Max Capacity: 512M
 Pre-touch: Disabled
 Parallel Workers: 10
 Concurrent Workers: 3
 Concurrent Refinement Workers: 10
 Periodic GC: Disabled
Heap:
 garbage-first heap   total 81920K, used 55233K [0x00000000e0000000, 0x0000000100000000)
  region size 1024K, 1 young (1024K), 1 survivors (1024K)
 Metaspace       used 77757K, committed 78592K, reserved 1179648K
  class space    used 11369K, committed 11712K, reserved 1048576K
GC Heap History (20 events):
Event: 6.094 GC heap after
{Heap after GC invocations=17 (full 0):
 garbage-first heap   total 66560K, used 34825K [0x00000000e0000000, 0x0000000100000000)
  region size 1024K, 2 young (2048K), 2 survivors (2048K)
 Metaspace       used 59508K, committed 60224K, reserved 1114112K
  class space    used 8391K, committed 8704K, reserved 1048576K
}
Event: 6.102 GC heap before
{Heap before GC invocations=17 (full 0):
 garbage-first heap   total 66560K, used 34825K [0x00000000e0000000, 0x0000000100000000)
  region size 1024K, 3 young (3072K), 2 survivors (2048K)
 Metaspace       used 59603K, committed 60288K, reserved 1114112K
  class space    used 8407K, committed 8704K, reserved 1048576K
}
Event: 6.105 GC heap after
{Heap after GC invocations=18 (full 0):
 garbage-first heap   total 66560K, used 34558K [0x00000000e0000000, 0x0000000100000000)
  region size 1024K, 2 young (2048K), 2 survivors (2048K)
 Metaspace       used 59603K, committed 60288K, reserved 1114112K
  class space    used 8407K, committed 8704K, reserved 1048576K
}
Event: 6.461 GC heap before
{Heap before GC invocations=19 (full 0):
 garbage-first heap   total 66560K, used 59134K [0x00000000e0000000, 0x0000000100000000)
  region size 1024K, 27 young (27648K), 2 survivors (2048K)
 Metaspace       used 65262K, committed 65984K, reserved 1114112K
  class space    used 9410K, committed 9728K, reserved 1048576K
}
Event: 6.463 GC heap after
{Heap after GC invocations=20 (full 0):
 garbage-first heap   total 66560K, used 35364K [0x00000000e0000000, 0x0000000100000000)
  region size 1024K, 3 young (3072K), 3 survivors (3072K)
 Metaspace       used 65262K, committed 65984K, reserved 1114112K
  class space    used 9410K, committed 9728K, reserved 1048576K
}
Event: 6.587 GC heap before
{Heap before GC invocations=20 (full 0):
 garbage-first heap   total 66560K, used 60964K [0x00000000e0000000, 0x0000000100000000)
  region size 1024K, 28 young (28672K), 3 survivors (3072K)
 Metaspace       used 65610K, committed 66368K, reserved 1114112K
  class space    used 9465K, committed 9792K, reserved 1048576K
}
Event: 6.590 GC heap after
{Heap after GC invocations=21 (full 0):
 garbage-first heap   total 66560K, used 35544K [0x00000000e0000000, 0x0000000100000000)
  region size 1024K, 3 young (3072K), 3 survivors (3072K)
 Metaspace       used 65610K, committed 66368K, reserved 1114112K
  class space    used 9465K, committed 9792K, reserved 1048576K
}
Event: 6.743 GC heap before
{Heap before GC invocations=21 (full 0):
 garbage-first heap   total 66560K, used 60120K [0x00000000e0000000, 0x0000000100000000)
  region size 1024K, 28 young (28672K), 3 survivors (3072K)
 Metaspace       used 67562K, committed 68288K, reserved 1114112K
  class space    used 9751K, committed 10048K, reserved 1048576K
}
Event: 6.746 GC heap after
{Heap after GC invocations=22 (full 0):
 garbage-first heap   total 66560K, used 36231K [0x00000000e0000000, 0x0000000100000000)
  region size 1024K, 3 young (3072K), 3 survivors (3072K)
 Metaspace       used 67562K, committed 68288K, reserved 1114112K
  class space    used 9751K, committed 10048K, reserved 1048576K
}
Event: 7.050 GC heap before
{Heap before GC invocations=23 (full 0):
 garbage-first heap   total 66560K, used 59783K [0x00000000e0000000, 0x0000000100000000)
  region size 1024K, 27 young (27648K), 3 survivors (3072K)
 Metaspace       used 71009K, committed 71744K, reserved 1114112K
  class space    used 10323K, committed 10624K, reserved 1048576K
}
Event: 7.054 GC heap after
{Heap after GC invocations=24 (full 0):
 garbage-first heap   total 66560K, used 38270K [0x00000000e0000000, 0x0000000100000000)
  region size 1024K, 4 young (4096K), 4 survivors (4096K)
 Metaspace       used 71009K, committed 71744K, reserved 1114112K
  class space    used 10323K, committed 10624K, reserved 1048576K
}
Event: 7.351 GC heap before
{Heap before GC invocations=24 (full 0):
 garbage-first heap   total 66560K, used 61822K [0x00000000e0000000, 0x0000000100000000)
  region size 1024K, 27 young (27648K), 4 survivors (4096K)
 Metaspace       used 73749K, committed 74560K, reserved 1114112K
  class space    used 10703K, committed 11072K, reserved 1048576K
}
Event: 7.357 GC heap after
{Heap after GC invocations=25 (full 0):
 garbage-first heap   total 69632K, used 40138K [0x00000000e0000000, 0x0000000100000000)
  region size 1024K, 2 young (2048K), 2 survivors (2048K)
 Metaspace       used 73749K, committed 74560K, reserved 1114112K
  class space    used 10703K, committed 11072K, reserved 1048576K
}
Event: 7.619 GC heap before
{Heap before GC invocations=25 (full 0):
 garbage-first heap   total 69632K, used 62666K [0x00000000e0000000, 0x0000000100000000)
  region size 1024K, 25 young (25600K), 2 survivors (2048K)
 Metaspace       used 77478K, committed 78336K, reserved 1179648K
  class space    used 11333K, committed 11712K, reserved 1048576K
}
Event: 7.624 GC heap after
{Heap after GC invocations=26 (full 0):
 garbage-first heap   total 69632K, used 43824K [0x00000000e0000000, 0x0000000100000000)
  region size 1024K, 4 young (4096K), 4 survivors (4096K)
 Metaspace       used 77478K, committed 78336K, reserved 1179648K
  class space    used 11333K, committed 11712K, reserved 1048576K
}
Event: 7.662 GC heap before
{Heap before GC invocations=27 (full 0):
 garbage-first heap   total 73728K, used 63280K [0x00000000e0000000, 0x0000000100000000)
  region size 1024K, 23 young (23552K), 4 survivors (4096K)
 Metaspace       used 77478K, committed 78336K, reserved 1179648K
  class space    used 11333K, committed 11712K, reserved 1048576K
}
Event: 7.669 GC heap after
{Heap after GC invocations=28 (full 0):
 garbage-first heap   total 73728K, used 48436K [0x00000000e0000000, 0x0000000100000000)
  region size 1024K, 3 young (3072K), 3 survivors (3072K)
 Metaspace       used 77478K, committed 78336K, reserved 1179648K
  class space    used 11333K, committed 11712K, reserved 1048576K
}
Event: 7.690 GC heap before
{Heap before GC invocations=28 (full 0):
 garbage-first heap   total 73728K, used 64820K [0x00000000e0000000, 0x0000000100000000)
  region size 1024K, 19 young (19456K), 3 survivors (3072K)
 Metaspace       used 77478K, committed 78336K, reserved 1179648K
  class space    used 11333K, committed 11712K, reserved 1048576K
}
Event: 7.695 GC heap after
{Heap after GC invocations=29 (full 0):
 garbage-first heap   total 74752K, used 54272K [0x00000000e0000000, 0x0000000100000000)
  region size 1024K, 3 young (3072K), 3 survivors (3072K)
 Metaspace       used 77478K, committed 78336K, reserved 1179648K
  class space    used 11333K, committed 11712K, reserved 1048576K
}
Event: 7.725 GC heap before
{Heap before GC invocations=29 (full 0):
 garbage-first heap   total 74752K, used 65536K [0x00000000e0000000, 0x0000000100000000)
  region size 1024K, 15 young (15360K), 3 survivors (3072K)
 Metaspace       used 77757K, committed 78592K, reserved 1179648K
  class space    used 11369K, committed 11712K, reserved 1048576K
}

